This file contains any messages produced by compilers while
running configure, to aid debugging if configure makes a mistake.

It was created by configure, which was
generated by GNU Autoconf 2.59.  Invocation command line was

  $ ./configure --prefix=/opt/sotu

## --------- ##
## Platform. ##
## --------- ##

hostname = MILANB
uname -m = i686
uname -r = 1.0.10(0.46/3/2)
uname -s = MINGW32_98-4.10
uname -v = 2004-03-15 07:17

/usr/bin/uname -p = unknown
/bin/uname -X     = unknown

/bin/arch              = unknown
/usr/bin/arch -k       = unknown
/usr/convex/getsysinfo = unknown
hostinfo               = unknown
/bin/machine           = unknown
/usr/bin/oslevel       = unknown
/bin/universe          = unknown

PATH: .
PATH: /usr/local/bin
PATH: /mingw/bin
PATH: /bin
PATH: /c/WINDOWS
PATH: /c/WINDOWS
PATH: /c/WINDOWS/COMMAND
PATH: /c/BORLAND/BCC55
PATH: /c/BORLAND/BCC55/BIN
PATH: /c/TOOLS
PATH: /c/PROGRA~1/FIREBIRD/BIN
PATH: /c/PHP
PATH: /c/PROGRA~1/ATT/GRAPHVIZ/BIN
PATH: /c/PROGRA~1/ATT/GRAPHVIZ/BIN/TOOLS
PATH: /c/WN16/BIN
PATH: /c/PROGRAM FILES/SUBVERSION/BIN


## ----------- ##
## Core tests. ##
## ----------- ##

configure:1309: checking build system type
configure:1327: result: i686-pc-mingw32
configure:1335: checking host system type
configure:1349: result: i686-pc-mingw32
configure:1357: checking target system type
configure:1371: result: i686-pc-mingw32
configure:1400: checking for a BSD-compatible install
configure:1455: result: /bin/install -c
configure:1466: checking whether build environment is sane
configure:1509: result: yes
configure:1574: checking for gawk
configure:1590: found /bin/gawk
configure:1600: result: gawk
configure:1610: checking whether make sets $(MAKE)
configure:1630: result: yes
configure:1858: checking for gcc
configure:1874: found /mingw/bin/gcc
configure:1884: result: gcc
configure:2128: checking for C compiler version
configure:2131: gcc --version </dev/null >&5
gcc.exe (GCC) 3.2.3 (mingw special 20030504-1)
Copyright (C) 2002 Free Software Foundation, Inc.
This is free software; see the source for copying conditions.  There is NO
warranty; not even for MERCHANTABILITY or FITNESS FOR A PARTICULAR PURPOSE.

configure:2134: $? = 0
configure:2136: gcc -v </dev/null >&5
Reading specs from c:/mingw/bin/../lib/gcc-lib/mingw32/3.2.3/specs
Configured with: ../gcc/configure --with-gcc --with-gnu-ld --with-gnu-as --host=mingw32 --target=mingw32 --prefix=/mingw --enable-threads --disable-nls --enable-languages=c++,f77,objc --disable-win32-registry --disable-shared --enable-sjlj-exceptions
Thread model: win32
gcc version 3.2.3 (mingw special 20030504-1)
configure:2139: $? = 0
configure:2141: gcc -V </dev/null >&5
gcc.exe: argument to `-V' is missing
configure:2144: $? = 1
configure:2167: checking for C compiler default output file name
configure:2170: gcc  -I/usr/local/include  conftest.c  >&5
configure:2173: $? = 0
configure:2219: result: a.exe
configure:2224: checking whether the C compiler works
configure:2230: ./a.exe
configure:2233: $? = 0
configure:2250: result: yes
configure:2257: checking whether we are cross compiling
configure:2259: result: no
configure:2262: checking for suffix of executables
configure:2264: gcc -o conftest.exe  -I/usr/local/include  conftest.c  >&5
configure:2267: $? = 0
configure:2292: result: .exe
configure:2298: checking for suffix of object files
configure:2319: gcc -c  -I/usr/local/include conftest.c >&5
configure:2322: $? = 0
configure:2344: result: o
configure:2348: checking whether we are using the GNU C compiler
configure:2372: gcc -c  -I/usr/local/include conftest.c >&5
configure:2378: $? = 0
configure:2382: test -z 
			 || test ! -s conftest.err
configure:2385: $? = 0
configure:2388: test -s conftest.o
configure:2391: $? = 0
configure:2404: result: yes
configure:2410: checking whether gcc accepts -g
configure:2431: gcc -c -g -I/usr/local/include conftest.c >&5
configure:2437: $? = 0
configure:2441: test -z 
			 || test ! -s conftest.err
configure:2444: $? = 0
configure:2447: test -s conftest.o
configure:2450: $? = 0
configure:2461: result: yes
configure:2478: checking for gcc option to accept ANSI C
configure:2548: gcc  -c -g -O2 -I/usr/local/include conftest.c >&5
configure:2554: $? = 0
configure:2558: test -z 
			 || test ! -s conftest.err
configure:2561: $? = 0
configure:2564: test -s conftest.o
configure:2567: $? = 0
configure:2585: result: none needed
configure:2603: gcc -c -g -O2 -I/usr/local/include conftest.c >&5
conftest.c:2: parse error before "me"
configure:2609: $? = 1
configure: failed program was:
| #ifndef __cplusplus
|   choke me
| #endif
configure:2753: checking for style of include used by make
configure:2781: result: GNU
configure:2809: checking dependency style of gcc
configure:2899: result: none
configure:2968: checking for g++
configure:2984: found /mingw/bin/g++
configure:2994: result: g++
configure:3010: checking for C++ compiler version
configure:3013: g++ --version </dev/null >&5
g++.exe (GCC) 3.2.3 (mingw special 20030504-1)
Copyright (C) 2002 Free Software Foundation, Inc.
This is free software; see the source for copying conditions.  There is NO
warranty; not even for MERCHANTABILITY or FITNESS FOR A PARTICULAR PURPOSE.

configure:3016: $? = 0
configure:3018: g++ -v </dev/null >&5
Reading specs from c:/mingw/bin/../lib/gcc-lib/mingw32/3.2.3/specs
Configured with: ../gcc/configure --with-gcc --with-gnu-ld --with-gnu-as --host=mingw32 --target=mingw32 --prefix=/mingw --enable-threads --disable-nls --enable-languages=c++,f77,objc --disable-win32-registry --disable-shared --enable-sjlj-exceptions
Thread model: win32
gcc version 3.2.3 (mingw special 20030504-1)
configure:3021: $? = 0
configure:3023: g++ -V </dev/null >&5
g++.exe: argument to `-V' missing

configure:3026: $? = 1
configure:3029: checking whether we are using the GNU C++ compiler
configure:3053: g++ -c -I/usr/local/include -I/usr/local/include conftest.cc >&5
configure:3059: $? = 0
configure:3063: test -z 
			 || test ! -s conftest.err
configure:3066: $? = 0
configure:3069: test -s conftest.o
configure:3072: $? = 0
configure:3085: result: yes
configure:3091: checking whether g++ accepts -g
configure:3112: g++ -c -g -I/usr/local/include conftest.cc >&5
configure:3118: $? = 0
configure:3122: test -z 
			 || test ! -s conftest.err
configure:3125: $? = 0
configure:3128: test -s conftest.o
configure:3131: $? = 0
configure:3142: result: yes
configure:3184: g++ -c -I/usr/local/include -I/usr/local/include conftest.cc >&5
configure:3190: $? = 0
configure:3194: test -z 
			 || test ! -s conftest.err
configure:3197: $? = 0
configure:3200: test -s conftest.o
configure:3203: $? = 0
configure:3229: g++ -c -I/usr/local/include -I/usr/local/include conftest.cc >&5
conftest.cc: In function `int main()':
conftest.cc:15: `exit' undeclared (first use this function)
conftest.cc:15: (Each undeclared identifier is reported only once for each 
   function it appears in.)
configure:3235: $? = 1
configure: failed program was:
| /* confdefs.h.  */
| 
| #define PACKAGE_NAME ""
| #define PACKAGE_TARNAME ""
| #define PACKAGE_VERSION ""
| #define PACKAGE_STRING ""
| #define PACKAGE_BUGREPORT ""
| #define PACKAGE "Critical_Mass"
| #define VERSION "1.0.0"
| /* end confdefs.h.  */
| 
| int
| main ()
| {
| exit (42);
|   ;
|   return 0;
| }
configure:3184: g++ -c -I/usr/local/include -I/usr/local/include conftest.cc >&5
configure:3190: $? = 0
configure:3194: test -z 
			 || test ! -s conftest.err
configure:3197: $? = 0
configure:3200: test -s conftest.o
configure:3203: $? = 0
configure:3229: g++ -c -I/usr/local/include -I/usr/local/include conftest.cc >&5
configure:3235: $? = 0
configure:3239: test -z 
			 || test ! -s conftest.err
configure:3242: $? = 0
configure:3245: test -s conftest.o
configure:3248: $? = 0
configure:3273: checking dependency style of g++
configure:3363: result: none
configure:3421: checking for ranlib
configure:3437: found /mingw/bin/ranlib
configure:3448: result: ranlib
configure:3464: checking for an ANSI C-conforming const
configure:3531: gcc -c -g -O2 -I/usr/local/include conftest.c >&5
configure:3537: $? = 0
configure:3541: test -z 
			 || test ! -s conftest.err
configure:3544: $? = 0
configure:3547: test -s conftest.o
configure:3550: $? = 0
configure:3561: result: yes
configure:3668: checking for main in -lSDL
configure:3692: gcc -o conftest.exe  -W -Wall -O2 -I/usr/local/include  conftest.c -lSDL -L/usr/local/lib -lmingw32 -lSDLmain -lSDL -mwindows  >&5
configure:3698: $? = 0
configure:3702: test -z 
			 || test ! -s conftest.err
configure:3705: $? = 0
configure:3708: test -s conftest.exe
configure:3711: $? = 0
configure:3724: result: yes
configure:3738: checking for main in -lSDL_image
configure:3762: gcc -o conftest.exe  -W -Wall -O2 -I/usr/local/include/SDL -Dmain=SDL_main -I/usr/local/include  conftest.c -lSDL_image   -L/usr/local/lib -lmingw32 -lSDLmain -lSDL -mwindows >&5
configure:3768: $? = 0
configure:3772: test -z 
			 || test ! -s conftest.err
configure:3775: $? = 0
configure:3778: test -s conftest.exe
configure:3781: $? = 0
configure:3794: result: yes
configure:3805: checking for main in -lSDL_mixer
configure:3829: gcc -o conftest.exe  -W -Wall -O2 -I/usr/local/include/SDL -Dmain=SDL_main -I/usr/local/include  conftest.c -lSDL_mixer   -L/usr/local/lib -lmingw32 -lSDLmain -lSDL -mwindows -lSDL_image >&5
configure:3835: $? = 0
configure:3839: test -z 
			 || test ! -s conftest.err
configure:3842: $? = 0
configure:3845: test -s conftest.exe
configure:3848: $? = 0
configure:3861: result: yes
configure:3873: result: Adding special ingredients for mingw32
configure:4113: checking for sin in -lm
configure:4143: gcc -o conftest.exe  -W -Wall -O2 -I/usr/local/include/SDL -Dmain=SDL_main -I/usr/local/include  conftest.c -lm   -L/usr/local/lib -lmingw32 -lSDLmain -lSDL -mwindows -lSDL_image -lSDL_mixer -lopengl32 -lpng -lz -ljpeg -lstdc++ -lws2_32 -lwinmm >&5
conftest.c:21: warning: conflicting types for built-in function `sin'
configure:4149: $? = 0
configure:4153: test -z 
			 || test ! -s conftest.err
configure:4156: $? = 0
configure:4159: test -s conftest.exe
configure:4162: $? = 0
configure:4175: result: yes
configure:4334: creating ./config.status

## ---------------------- ##
## Running config.status. ##
## ---------------------- ##

This file was extended by config.status, which was
generated by GNU Autoconf 2.59.  Invocation command line was

  CONFIG_FILES    = 
  CONFIG_HEADERS  = 
  CONFIG_LINKS    = 
  CONFIG_COMMANDS = 
  $ ./config.status 

on MILANB

config.status:722: creating Makefile
config.status:722: creating utils/Makefile
config.status:722: creating utilssdl/Makefile
config.status:722: creating utilsgl/Makefile
config.status:722: creating game/Makefile
config.status:722: creating tools/Makefile
config.status:722: creating data/Makefile
config.status:722: creating data/music/Makefile
config.status:722: creating tinyxml/Makefile
config.status:826: creating defines.h
config.status:1094: executing depfiles commands
configure:5698: configuring in curl
configure:5815: running /bin/sh './configure.gnu' --prefix=/opt/sotu  '--prefix=/opt/sotu' 'CPPFLAGS=-I/usr/local/include' 'CXXFLAGS=-I/usr/local/include' --cache-file=/dev/null --srcdir=.

## ---------------- ##
## Cache variables. ##
## ---------------- ##

ac_cv_build=i686-pc-mingw32
ac_cv_build_alias=i686-pc-mingw32
ac_cv_c_compiler_gnu=yes
ac_cv_c_const=yes
ac_cv_cxx_compiler_gnu=yes
ac_cv_env_CC_set=
ac_cv_env_CC_value=
ac_cv_env_CFLAGS_set=
ac_cv_env_CFLAGS_value=
ac_cv_env_CPPFLAGS_set=set
ac_cv_env_CPPFLAGS_value=-I/usr/local/include
ac_cv_env_CXXFLAGS_set=set
ac_cv_env_CXXFLAGS_value=-I/usr/local/include
ac_cv_env_CXX_set=
ac_cv_env_CXX_value=
ac_cv_env_LDFLAGS_set=
ac_cv_env_LDFLAGS_value=
ac_cv_env_build_alias_set=
ac_cv_env_build_alias_value=
ac_cv_env_host_alias_set=
ac_cv_env_host_alias_value=
ac_cv_env_target_alias_set=
ac_cv_env_target_alias_value=
ac_cv_exeext=.exe
ac_cv_host=i686-pc-mingw32
ac_cv_host_alias=i686-pc-mingw32
ac_cv_lib_SDL_image_main=yes
ac_cv_lib_SDL_main=yes
ac_cv_lib_SDL_mixer_main=yes
ac_cv_lib_m_sin=yes
ac_cv_objext=o
ac_cv_path_install='/bin/install -c'
ac_cv_prog_AWK=gawk
ac_cv_prog_ac_ct_CC=gcc
ac_cv_prog_ac_ct_CXX=g++
ac_cv_prog_ac_ct_RANLIB=ranlib
ac_cv_prog_cc_g=yes
ac_cv_prog_cc_stdc=
ac_cv_prog_cxx_g=yes
ac_cv_prog_make_make_set=yes
ac_cv_target=i686-pc-mingw32
ac_cv_target_alias=i686-pc-mingw32
am_cv_CC_dependencies_compiler_type=none
am_cv_CXX_dependencies_compiler_type=none

## ----------------- ##
## Output variables. ##
## ----------------- ##

ACLOCAL='${SHELL} /home/home/SOTU/CriticalMass-1.0.0/missing --run aclocal-1.9'
AMDEPBACKSLASH='\'
AMDEP_FALSE='#'
AMDEP_TRUE=''
AMTAR='${SHELL} /home/home/SOTU/CriticalMass-1.0.0/missing --run tar'
APPLE_FALSE=''
APPLE_TRUE='#'
AUTOCONF='${SHELL} /home/home/SOTU/CriticalMass-1.0.0/missing --run autoconf'
AUTOHEADER='${SHELL} /home/home/SOTU/CriticalMass-1.0.0/missing --run autoheader'
AUTOMAKE='${SHELL} /home/home/SOTU/CriticalMass-1.0.0/missing --run automake-1.9'
AWK='gawk'
CC='gcc'
CCDEPMODE='depmode=none'
CFLAGS=' -W -Wall -O2 -I/usr/local/include/SDL -Dmain=SDL_main'
CPPFLAGS='-I/usr/local/include'
CXX='g++'
CXXDEPMODE='depmode=none'
CXXFLAGS=' -W -Wall -fno-exceptions -O2 -I/usr/local/include/SDL -Dmain=SDL_main -DCURL_STATICLIB'
CYGPATH_W='echo'
DEFS='-DHAVE_CONFIG_H'
DEPDIR='.deps'
ECHO_C=''
ECHO_N='-n'
ECHO_T=''
EXEEXT='.exe'
INSTALL_DATA='${INSTALL} -m 644'
INSTALL_PROGRAM='${INSTALL}'
INSTALL_SCRIPT='${INSTALL}'
INSTALL_STRIP_PROGRAM='${SHELL} $(install_sh) -c -s'
LDFLAGS=''
LIBOBJS=''
LIBS='-lm  -L/usr/local/lib -lmingw32 -lSDLmain -lSDL -mwindows -lSDL_image -lSDL_mixer -lopengl32 -lpng -lz -ljpeg -lstdc++ -lws2_32 -lwinmm'
LTLIBOBJS=''
MAKEINFO='${SHELL} /home/home/SOTU/CriticalMass-1.0.0/missing --run makeinfo'
OBJEXT='o'
PACKAGE='Critical_Mass'
PACKAGE_BUGREPORT=''
PACKAGE_NAME=''
PACKAGE_STRING=''
PACKAGE_TARNAME=''
PACKAGE_VERSION=''
PATH_SEPARATOR=':'
RANLIB='ranlib'
SET_MAKE=''
SHELL='/bin/sh'
STRIP=''
USE_LZMA_FALSE=''
USE_LZMA_TRUE='#'
VERSION='1.0.0'
WIN32_FALSE='#'
WIN32_TRUE=''
ac_ct_CC='gcc'
ac_ct_CXX='g++'
ac_ct_RANLIB='ranlib'
ac_ct_STRIP=''
am__fastdepCC_FALSE=''
am__fastdepCC_TRUE='#'
am__fastdepCXX_FALSE=''
am__fastdepCXX_TRUE='#'
am__include='include'
am__leading_dot='.'
am__quote=''
am__tar='${AMTAR} chof - "$$tardir"'
am__untar='${AMTAR} xf -'
bindir='${exec_prefix}/bin'
build='i686-pc-mingw32'
build_alias=''
build_cpu='i686'
build_os='mingw32'
build_vendor='pc'
datadir='${prefix}/share'
exec_prefix='${prefix}'
host='i686-pc-mingw32'
host_alias=''
host_cpu='i686'
host_os='mingw32'
host_vendor='pc'
includedir='${prefix}/include'
infodir='${prefix}/info'
install_sh='/home/home/SOTU/CriticalMass-1.0.0/install-sh'
libdir='${exec_prefix}/lib'
libexecdir='${exec_prefix}/libexec'
localstatedir='${prefix}/var'
mandir='${prefix}/man'
mkdir_p='mkdir -p --'
oldincludedir='/usr/include'
prefix='/opt/sotu'
program_transform_name='s,x,x,'
sbindir='${exec_prefix}/sbin'
sharedstatedir='${prefix}/com'
subdirs=' curl'
sysconfdir='${prefix}/etc'
target='i686-pc-mingw32'
target_alias=''
target_cpu='i686'
target_os='mingw32'
target_vendor='pc'

## ----------- ##
## confdefs.h. ##
## ----------- ##

#define HAVE_LIBM 1
#define PACKAGE "Critical_Mass"
#define PACKAGE_BUGREPORT ""
#define PACKAGE_NAME ""
#define PACKAGE_STRING ""
#define PACKAGE_TARNAME ""
#define PACKAGE_VERSION ""
#define VERSION "1.0.0"
#endif
#ifdef __cplusplus
extern "C" void std::exit (int) throw (); using std::exit;

configure: exit 0

## ---------------------- ##
## Running config.status. ##
## ---------------------- ##

This file was extended by config.status, which was
generated by GNU Autoconf 2.59.  Invocation command line was

  CONFIG_FILES    = 
  CONFIG_HEADERS  = 
  CONFIG_LINKS    = 
  CONFIG_COMMANDS = 
  $ ./config.status tools/Makefile

on MILANB

config.status:722: creating tools/Makefile

## ---------------------- ##
## Running config.status. ##
## ---------------------- ##

This file was extended by config.status, which was
generated by GNU Autoconf 2.59.  Invocation command line was

  CONFIG_FILES    = 
  CONFIG_HEADERS  = 
  CONFIG_LINKS    = 
  CONFIG_COMMANDS = 
  $ ./config.status data/Makefile

on MILANB

config.status:722: creating data/Makefile

## ---------------------- ##
## Running config.status. ##
## ---------------------- ##

This file was extended by config.status, which was
generated by GNU Autoconf 2.59.  Invocation command line was

  CONFIG_FILES    = 
  CONFIG_HEADERS  = 
  CONFIG_LINKS    = 
  CONFIG_COMMANDS = 
  $ ./config.status data/music/Makefile

on MILANB

config.status:722: creating data/music/Makefile

## ---------------------- ##
## Running config.status. ##
## ---------------------- ##

This file was extended by config.status, which was
generated by GNU Autoconf 2.59.  Invocation command line was

  CONFIG_FILES    = 
  CONFIG_HEADERS  = 
  CONFIG_LINKS    = 
  CONFIG_COMMANDS = 
  $ ./config.status game/Makefile

on MILANB

config.status:722: creating game/Makefile

## ---------------------- ##
## Running config.status. ##
## ---------------------- ##

This file was extended by config.status, which was
generated by GNU Autoconf 2.59.  Invocation command line was

  CONFIG_FILES    = 
  CONFIG_HEADERS  = 
  CONFIG_LINKS    = 
  CONFIG_COMMANDS = 
  $ ./config.status Makefile

on MILANB

config.status:722: creating Makefile

## ---------------------- ##
## Running config.status. ##
## ---------------------- ##

This file was extended by config.status, which was
generated by GNU Autoconf 2.59.  Invocation command line was

  CONFIG_FILES    = 
  CONFIG_HEADERS  = 
  CONFIG_LINKS    = 
  CONFIG_COMMANDS = 
  $ ./config.status tinyxml/Makefile

on MILANB

config.status:722: creating tinyxml/Makefile

## ---------------------- ##
## Running config.status. ##
## ---------------------- ##

This file was extended by config.status, which was
generated by GNU Autoconf 2.59.  Invocation command line was

  CONFIG_FILES    = 
  CONFIG_HEADERS  = 
  CONFIG_LINKS    = 
  CONFIG_COMMANDS = 
  $ ./config.status utils/Makefile

on MILANB

config.status:722: creating utils/Makefile

## ---------------------- ##
## Running config.status. ##
## ---------------------- ##

This file was extended by config.status, which was
generated by GNU Autoconf 2.59.  Invocation command line was

  CONFIG_FILES    = 
  CONFIG_HEADERS  = 
  CONFIG_LINKS    = 
  CONFIG_COMMANDS = 
  $ ./config.status utilssdl/Makefile

on MILANB

config.status:722: creating utilssdl/Makefile

## ---------------------- ##
## Running config.status. ##
## ---------------------- ##

This file was extended by config.status, which was
generated by GNU Autoconf 2.59.  Invocation command line was

  CONFIG_FILES    = 
  CONFIG_HEADERS  = 
  CONFIG_LINKS    = 
  CONFIG_COMMANDS = 
  $ ./config.status utilsgl/Makefile

on MILANB

config.status:722: creating utilsgl/Makefile
